This is pdfTeX, Version 3.141592653-2.6-1.40.24 (MiKTeX 22.8.28) (preloaded format=pdflatex 2023.1.19)  15 MAY 2024 01:28
entering extended mode
 \write18 enabled.
 %&-line parsing enabled.
**./pc_rp.tex
(pc_rp.tex
LaTeX2e <2022-06-01> patch level 5
L3 programming layer <2023-01-16>
(C:\Programs\MikTex\tex/latex/base\article.cls
Document Class: article 2021/10/04 v1.4n Standard LaTeX document class
(C:\Programs\MikTex\tex/latex/base\size10.clo
File: size10.clo 2021/10/04 v1.4n Standard LaTeX file (size option)
)
\c@part=\count185
\c@section=\count186
\c@subsection=\count187
\c@subsubsection=\count188
\c@paragraph=\count189
\c@subparagraph=\count190
\c@figure=\count191
\c@table=\count192
\abovecaptionskip=\skip47
\belowcaptionskip=\skip48
\bibindent=\dimen138
)
(C:\Programs\MikTex\tex/latex/base\inputenc.sty
Package: inputenc 2021/02/14 v1.3d Input encoding file
\inpenc@prehook=\toks16
\inpenc@posthook=\toks17
)
(C:\Programs\MikTex\tex/latex/geometry\geometry.sty
Package: geometry 2020/01/02 v5.9 Page Geometry

(C:\Programs\MikTex\tex/latex/graphics\keyval.sty
Package: keyval 2022/05/29 v1.15 key=value parser (DPC)
\KV@toks@=\toks18
)
(C:\Programs\MikTex\tex/generic/iftex\ifvtex.sty
Package: ifvtex 2019/10/25 v1.7 ifvtex legacy package. Use iftex instead.

(C:\Programs\MikTex\tex/generic/iftex\iftex.sty
Package: iftex 2022/02/03 v1.0f TeX engine tests
))
\Gm@cnth=\count193
\Gm@cntv=\count194
\c@Gm@tempcnt=\count195
\Gm@bindingoffset=\dimen139
\Gm@wd@mp=\dimen140
\Gm@odd@mp=\dimen141
\Gm@even@mp=\dimen142
\Gm@layoutwidth=\dimen143
\Gm@layoutheight=\dimen144
\Gm@layouthoffset=\dimen145
\Gm@layoutvoffset=\dimen146
\Gm@dimlist=\toks19

(C:\Programs\MikTex\tex/latex/geometry\geometry.cfg))
(C:\Programs\MikTex\tex/latex/graphics\graphicx.sty
Package: graphicx 2021/09/16 v1.2d Enhanced LaTeX Graphics (DPC,SPQR)

(C:\Programs\MikTex\tex/latex/graphics\graphics.sty
Package: graphics 2022/03/10 v1.4e Standard LaTeX Graphics (DPC,SPQR)

(C:\Programs\MikTex\tex/latex/graphics\trig.sty
Package: trig 2021/08/11 v1.11 sin cos tan (DPC)
)
(C:\Programs\MikTex\tex/latex/graphics-cfg\graphics.cfg
File: graphics.cfg 2016/06/04 v1.11 sample graphics configuration
)
Package graphics Info: Driver file: pdftex.def on input line 107.

(C:\Programs\MikTex\tex/latex/graphics-def\pdftex.def
File: pdftex.def 2022/09/22 v1.2b Graphics/color driver for pdftex
\stockwidth=\dimen147
\stockheight=\dimen148
))
\Gin@req@height=\dimen149
\Gin@req@width=\dimen150
)
(C:\Programs\MikTex\tex/latex/psnfss\palatino.sty
Package: palatino 2020/03/25 PSNFSS-v9.3 (SPQR) 
)
(C:\Programs\MikTex\tex/latex/booktabs\booktabs.sty
Package: booktabs 2020/01/12 v1.61803398 Publication quality tables
\heavyrulewidth=\dimen151
\lightrulewidth=\dimen152
\cmidrulewidth=\dimen153
\belowrulesep=\dimen154
\belowbottomsep=\dimen155
\aboverulesep=\dimen156
\abovetopsep=\dimen157
\cmidrulesep=\dimen158
\cmidrulekern=\dimen159
\defaultaddspace=\dimen160
\@cmidla=\count196
\@cmidlb=\count197
\@aboverulesep=\dimen161
\@belowrulesep=\dimen162
\@thisruleclass=\count198
\@lastruleclass=\count199
\@thisrulewidth=\dimen163
)
(C:\Programs\MikTex\tex/latex/tools\array.sty
Package: array 2021/10/04 v2.5f Tabular extension package (FMi)
\col@sep=\dimen164
\ar@mcellbox=\box51
\extrarowheight=\dimen165
\NC@list=\toks20
\extratabsurround=\skip49
\backup@length=\skip50
\ar@cellbox=\box52
)
(C:\Programs\MikTex\tex/latex/paralist\paralist.sty
Package: paralist 2017/01/22 v2.7 Extended list environments
\pltopsep=\skip51
\plpartopsep=\skip52
\plitemsep=\skip53
\plparsep=\skip54
\pl@lab=\toks21
)
(C:\Programs\MikTex\tex/latex/tools\verbatim.sty
Package: verbatim 2020-07-07 v1.5u LaTeX2e package for verbatim enhancements
\every@verbatim=\toks22
\verbatim@line=\toks23
\verbatim@in@stream=\read2
)
(C:\Programs\MikTex\tex/latex/subfig\subfig.sty
Package: subfig 2005/06/28 ver: 1.3 subfig package

(C:\Programs\MikTex\tex/latex/caption\caption.sty
Package: caption 2022/03/01 v3.6b Customizing captions (AR)

(C:\Programs\MikTex\tex/latex/caption\caption3.sty
Package: caption3 2022/03/17 v2.3b caption3 kernel (AR)
\caption@tempdima=\dimen166
\captionmargin=\dimen167
\caption@leftmargin=\dimen168
\caption@rightmargin=\dimen169
\caption@width=\dimen170
\caption@indent=\dimen171
\caption@parindent=\dimen172
\caption@hangindent=\dimen173
Package caption Info: Standard document class detected.
)
\c@caption@flags=\count266
\c@continuedfloat=\count267
)
\c@KVtest=\count268
\sf@farskip=\skip55
\sf@captopadj=\dimen174
\sf@capskip=\skip56
\sf@nearskip=\skip57
\c@subfigure=\count269
\c@subfigure@save=\count270
\c@lofdepth=\count271
\c@subtable=\count272
\c@subtable@save=\count273
\c@lotdepth=\count274
\sf@top=\skip58
\sf@bottom=\skip59
)
(C:\Programs\MikTex\tex/latex/hyperref\hyperref.sty
Package: hyperref 2022-11-13 v7.00u Hypertext links for LaTeX

(C:\Programs\MikTex\tex/generic/ltxcmds\ltxcmds.sty
Package: ltxcmds 2020-05-10 v1.25 LaTeX kernel commands for general use (HO)
)
(C:\Programs\MikTex\tex/generic/pdftexcmds\pdftexcmds.sty
Package: pdftexcmds 2020-06-27 v0.33 Utility functions of pdfTeX for LuaTeX (HO
)

(C:\Programs\MikTex\tex/generic/infwarerr\infwarerr.sty
Package: infwarerr 2019/12/03 v1.5 Providing info/warning/error messages (HO)
)
Package pdftexcmds Info: \pdf@primitive is available.
Package pdftexcmds Info: \pdf@ifprimitive is available.
Package pdftexcmds Info: \pdfdraftmode found.
)
(C:\Programs\MikTex\tex/latex/kvsetkeys\kvsetkeys.sty
Package: kvsetkeys 2022-10-05 v1.19 Key value parser (HO)
)
(C:\Programs\MikTex\tex/generic/kvdefinekeys\kvdefinekeys.sty
Package: kvdefinekeys 2019-12-19 v1.6 Define keys (HO)
)
(C:\Programs\MikTex\tex/generic/pdfescape\pdfescape.sty
Package: pdfescape 2019/12/09 v1.15 Implements pdfTeX's escape features (HO)
)
(C:\Programs\MikTex\tex/latex/hycolor\hycolor.sty
Package: hycolor 2020-01-27 v1.10 Color options for hyperref/bookmark (HO)
)
(C:\Programs\MikTex\tex/latex/letltxmacro\letltxmacro.sty
Package: letltxmacro 2019/12/03 v1.6 Let assignment for LaTeX macros (HO)
)
(C:\Programs\MikTex\tex/latex/auxhook\auxhook.sty
Package: auxhook 2019-12-17 v1.6 Hooks for auxiliary files (HO)
)
(C:\Programs\MikTex\tex/latex/hyperref\nameref.sty
Package: nameref 2022-05-17 v2.50 Cross-referencing by name of section

(C:\Programs\MikTex\tex/latex/refcount\refcount.sty
Package: refcount 2019/12/15 v3.6 Data extraction from label references (HO)
)
(C:\Programs\MikTex\tex/generic/gettitlestring\gettitlestring.sty
Package: gettitlestring 2019/12/15 v1.6 Cleanup title references (HO)

(C:\Programs\MikTex\tex/latex/kvoptions\kvoptions.sty
Package: kvoptions 2022-06-15 v3.15 Key value format for package options (HO)
))
\c@section@level=\count275
)
\@linkdim=\dimen175
\Hy@linkcounter=\count276
\Hy@pagecounter=\count277

(C:\Programs\MikTex\tex/latex/hyperref\pd1enc.def
File: pd1enc.def 2022-11-13 v7.00u Hyperref: PDFDocEncoding definition (HO)
Now handling font encoding PD1 ...
... no UTF-8 mapping file for font encoding PD1
)
(C:\Programs\MikTex\tex/generic/intcalc\intcalc.sty
Package: intcalc 2019/12/15 v1.3 Expandable calculations with integers (HO)
)
(C:\Programs\MikTex\tex/generic/etexcmds\etexcmds.sty
Package: etexcmds 2019/12/15 v1.7 Avoid name clashes with e-TeX commands (HO)
)
\Hy@SavedSpaceFactor=\count278

(C:\Programs\MikTex\tex/latex/hyperref\puenc.def
File: puenc.def 2022-11-13 v7.00u Hyperref: PDF Unicode definition (HO)
Now handling font encoding PU ...
... no UTF-8 mapping file for font encoding PU
)
Package hyperref Info: Option `colorlinks' set `true' on input line 4045.
Package hyperref Info: Hyper figures OFF on input line 4162.
Package hyperref Info: Link nesting OFF on input line 4167.
Package hyperref Info: Hyper index ON on input line 4170.
Package hyperref Info: Plain pages OFF on input line 4177.
Package hyperref Info: Backreferencing ON on input line 4180.
Package hyperref Info: Implicit mode ON; LaTeX internals redefined.
Package hyperref Info: Bookmarks ON on input line 4410.

(C:\Programs\MikTex\tex/latex/hyperref\backref.sty
Package: backref 2021/02/04 v1.41 Bibliographical back referencing

(C:\Programs\MikTex\tex/latex/rerunfilecheck\rerunfilecheck.sty
Package: rerunfilecheck 2022-07-10 v1.10 Rerun checks for auxiliary files (HO)

(C:\Programs\MikTex\tex/latex/base\atveryend-ltx.sty
Package: atveryend-ltx 2020/08/19 v1.0a Emulation of the original atveryend pac
kage
with kernel methods
)
(C:\Programs\MikTex\tex/generic/uniquecounter\uniquecounter.sty
Package: uniquecounter 2019/12/15 v1.4 Provide unlimited unique counter (HO)

(C:\Programs\MikTex\tex/generic/bigintcalc\bigintcalc.sty
Package: bigintcalc 2019/12/15 v1.5 Expandable calculations on big integers (HO
)
))
Package uniquecounter Info: New unique counter `rerunfilecheck' on input line 2
85.
))
\c@Hy@tempcnt=\count279

(C:\Programs\MikTex\tex/latex/url\url.sty
\Urlmuskip=\muskip16
Package: url 2013/09/16  ver 3.4  Verb mode for urls, etc.
)
LaTeX Info: Redefining \url on input line 4748.
\XeTeXLinkMargin=\dimen176

(C:\Programs\MikTex\tex/generic/bitset\bitset.sty
Package: bitset 2019/12/09 v1.3 Handle bit-vector datatype (HO)
)
\Fld@menulength=\count280
\Field@Width=\dimen177
\Fld@charsize=\dimen178
Package hyperref Info: Hyper figures OFF on input line 6027.
Package hyperref Info: Link nesting OFF on input line 6032.
Package hyperref Info: Hyper index ON on input line 6035.
Package hyperref Info: backreferencing ON on input line 6040.
Package hyperref Info: Link coloring ON on input line 6045.
Package hyperref Info: Link coloring with OCG OFF on input line 6052.
Package hyperref Info: PDF/A mode OFF on input line 6057.

(C:\Programs\MikTex\tex/latex/base\atbegshi-ltx.sty
Package: atbegshi-ltx 2021/01/10 v1.0c Emulation of the original atbegshi
package with kernel methods
)
\Hy@abspage=\count281
\c@Item=\count282
\c@Hfootnote=\count283
)
Package hyperref Info: Driver (autodetected): hpdftex.

(C:\Programs\MikTex\tex/latex/hyperref\hpdftex.def
File: hpdftex.def 2022-11-13 v7.00u Hyperref driver for pdfTeX
\Fld@listcount=\count284
\c@bookmark@seq@number=\count285
\Hy@SectionHShift=\skip60
)
(C:\Programs\MikTex\tex/latex/fancyhdr\fancyhdr.sty
Package: fancyhdr 2022/11/09 v4.1 Extensive control of page headers and footers

\f@nch@headwidth=\skip61
\f@nch@O@elh=\skip62
\f@nch@O@erh=\skip63
\f@nch@O@olh=\skip64
\f@nch@O@orh=\skip65
\f@nch@O@elf=\skip66
\f@nch@O@erf=\skip67
\f@nch@O@olf=\skip68
\f@nch@O@orf=\skip69
)
(C:\Programs\MikTex\tex/latex/sectsty\sectsty.sty
Package: sectsty 2002/02/25 v2.0.2 Commands to change all sectional heading sty
les


LaTeX Warning: Command \underbar  has changed.
               Check if current package is valid.


LaTeX Warning: Command \underline  has changed.
               Check if current package is valid.

) (C:\Programs\MikTex\tex/latex/natbib\natbib.sty
Package: natbib 2010/09/13 8.31b (PWD, AO)
\bibhang=\skip70
\bibsep=\skip71
LaTeX Info: Redefining \cite on input line 694.
\c@NAT@ctr=\count286
)
(C:\Programs\MikTex\tex/latex/tocbibind\tocbibind.sty
Package: tocbibind 2010/10/13 v1.5k extra ToC listings
Package tocbibind Info: The document has section divisions on input line 50.


Package tocbibind Note: Using section or other style headings.

) (C:\Programs\MikTex\tex/latex/tocloft\tocloft.sty
Package: tocloft 2017/08/31 v2.3i parameterised ToC, etc., typesetting
Package tocloft Info: The document has section divisions on input line 51.
\cftparskip=\skip72
\cftbeforetoctitleskip=\skip73
\cftaftertoctitleskip=\skip74
\cftbeforepartskip=\skip75
\cftpartnumwidth=\skip76
\cftpartindent=\skip77
\cftbeforesecskip=\skip78
\cftsecindent=\skip79
\cftsecnumwidth=\skip80
\cftbeforesubsecskip=\skip81
\cftsubsecindent=\skip82
\cftsubsecnumwidth=\skip83
\cftbeforesubsubsecskip=\skip84
\cftsubsubsecindent=\skip85
\cftsubsubsecnumwidth=\skip86
\cftbeforeparaskip=\skip87
\cftparaindent=\skip88
\cftparanumwidth=\skip89
\cftbeforesubparaskip=\skip90
\cftsubparaindent=\skip91
\cftsubparanumwidth=\skip92
\cftbeforeloftitleskip=\skip93
\cftafterloftitleskip=\skip94
\cftbeforefigskip=\skip95
\cftfigindent=\skip96
\cftfignumwidth=\skip97
\cftbeforelottitleskip=\skip98
\cftafterlottitleskip=\skip99
\cftbeforetabskip=\skip100
\cfttabindent=\skip101
\cfttabnumwidth=\skip102
\cftbeforesubfigskip=\skip103
\cftsubfigindent=\skip104
\cftsubfignumwidth=\skip105
\cftbeforesubtabskip=\skip106
\cftsubtabindent=\skip107
\cftsubtabnumwidth=\skip108
)
LaTeX Font Info:    Trying to load font information for OT1+ppl on input line 7
6.

(C:\Programs\MikTex\tex/latex/psnfss\ot1ppl.fd
File: ot1ppl.fd 2001/06/04 font definitions for OT1/ppl.
)
(C:\Programs\MikTex\tex/latex/l3backend\l3backend-pdftex.def
File: l3backend-pdftex.def 2023-01-16 L3 backend support: PDF output (pdfTeX)
\l__color_backend_stack_int=\count287
\l__pdf_internal_box=\box53
)
No file pc_rp.aux.
\openout1 = `pc_rp.aux'.

LaTeX Font Info:    Checking defaults for OML/cmm/m/it on input line 76.
LaTeX Font Info:    ... okay on input line 76.
LaTeX Font Info:    Checking defaults for OMS/cmsy/m/n on input line 76.
LaTeX Font Info:    ... okay on input line 76.
LaTeX Font Info:    Checking defaults for OT1/cmr/m/n on input line 76.
LaTeX Font Info:    ... okay on input line 76.
LaTeX Font Info:    Checking defaults for T1/cmr/m/n on input line 76.
LaTeX Font Info:    ... okay on input line 76.
LaTeX Font Info:    Checking defaults for TS1/cmr/m/n on input line 76.
LaTeX Font Info:    ... okay on input line 76.
LaTeX Font Info:    Checking defaults for OMX/cmex/m/n on input line 76.
LaTeX Font Info:    ... okay on input line 76.
LaTeX Font Info:    Checking defaults for U/cmr/m/n on input line 76.
LaTeX Font Info:    ... okay on input line 76.
LaTeX Font Info:    Checking defaults for PD1/pdf/m/n on input line 76.
LaTeX Font Info:    ... okay on input line 76.
LaTeX Font Info:    Checking defaults for PU/pdf/m/n on input line 76.
LaTeX Font Info:    ... okay on input line 76.
*geometry* driver: auto-detecting
*geometry* detected driver: pdftex
*geometry* verbose mode - [ preamble ] result:
* driver: pdftex
* paper: <default>
* layout: <same size as paper>
* layoutoffset:(h,v)=(0.0pt,0.0pt)
* modes: includefoot 
* h-part:(L,W,R)=(65.04256pt, 484.20988pt, 65.04256pt)
* v-part:(T,H,B)=(72.26999pt, 650.43001pt, 72.26999pt)
* \paperwidth=614.295pt
* \paperheight=794.96999pt
* \textwidth=484.20988pt
* \textheight=620.43001pt
* \oddsidemargin=-7.22743pt
* \evensidemargin=-7.22743pt
* \topmargin=-37.0pt
* \headheight=12.0pt
* \headsep=25.0pt
* \topskip=10.0pt
* \footskip=30.0pt
* \marginparwidth=4.0pt
* \marginparsep=10.0pt
* \columnsep=10.0pt
* \skip\footins=9.0pt plus 4.0pt minus 2.0pt
* \hoffset=0.0pt
* \voffset=0.0pt
* \mag=1000
* \@twocolumntrue
* \@twosidefalse
* \@mparswitchfalse
* \@reversemarginfalse
* (1in=72.27pt=25.4mm, 1cm=28.453pt)

(C:\Programs\MikTex\tex/context/base/mkii\supp-pdf.mkii
[Loading MPS to PDF converter (version 2006.09.02).]
\scratchcounter=\count288
\scratchdimen=\dimen179
\scratchbox=\box54
\nofMPsegments=\count289
\nofMParguments=\count290
\everyMPshowfont=\toks24
\MPscratchCnt=\count291
\MPscratchDim=\dimen180
\MPnumerator=\count292
\makeMPintoPDFobject=\count293
\everyMPtoPDFconversion=\toks25
) (C:\Programs\MikTex\tex/latex/epstopdf-pkg\epstopdf-base.sty
Package: epstopdf-base 2020-01-24 v2.11 Base part for package epstopdf

(C:\Programs\MikTex\tex/latex/grfext\grfext.sty
Package: grfext 2019/12/03 v1.3 Manage graphics extensions (HO)
)
Package epstopdf-base Info: Redefining graphics rule for `.eps' on input line 4
85.
Package grfext Info: Graphics extension search list:
(grfext)             [.pdf,.png,.jpg,.mps,.jpeg,.jbig2,.jb2,.PDF,.PNG,.JPG,.JPE
G,.JBIG2,.JB2,.eps]
(grfext)             \AppendGraphicsExtensions on input line 504.

(C:\Programs\MikTex\tex/latex/00miktex\epstopdf-sys.cfg
File: epstopdf-sys.cfg 2021/03/18 v2.0 Configuration of epstopdf for MiKTeX
))
Package caption Info: Begin \AtBeginDocument code.
Package caption Info: subfig package v1.3 is loaded.
Package caption Info: hyperref package is loaded.
Package caption Info: End \AtBeginDocument code.
Package backref Info: ** backref set up for natbib ** on input line 76.

(C:\Programs\MikTex\tex/latex/graphics\color.sty
Package: color 2022/01/06 v1.3d Standard LaTeX Color (DPC)

(C:\Programs\MikTex\tex/latex/graphics-cfg\color.cfg
File: color.cfg 2016/01/02 v1.6 sample color configuration
)
Package color Info: Driver file: pdftex.def on input line 149.

(C:\Programs\MikTex\tex/latex/graphics\mathcolor.ltx))
Package hyperref Info: Link coloring ON on input line 76.
\@outlinefile=\write3
\openout3 = `pc_rp.out'.

LaTeX Font Info:    External font `cmex10' loaded for size
(Font)              <12> on input line 78.
LaTeX Font Info:    External font `cmex10' loaded for size
(Font)              <8> on input line 78.
LaTeX Font Info:    External font `cmex10' loaded for size
(Font)              <6> on input line 78.
LaTeX Font Info:    Trying to load font information for OT1+phv on input line 7
8.

(C:\Programs\MikTex\tex/latex/psnfss\ot1phv.fd
File: ot1phv.fd 2020/03/25 scalable font definitions for OT1/phv.
)

Package natbib Warning: Citation `Fema2741997' on page 1 undefined on input lin
e 82.


Package natbib Warning: Citation `gasparini2002contributions' on page 1 undefin
ed on input line 82.


Package natbib Warning: Citation `usp1909' on page 1 undefined on input line 82
.


Package natbib Warning: Citation `usp1925' on page 1 undefined on input line 82
.


Package natbib Warning: Citation `HosahalliSomaprasadR1994SVoF' on page 1 undef
ined on input line 84.


Package natbib Warning: Citation `Derecho2001' on page 1 undefined on input lin
e 84.


Package natbib Warning: Citation `aci31819' on page 1 undefined on input line 8
4.

LaTeX Font Info:    External font `cmex10' loaded for size
(Font)              <7> on input line 84.
LaTeX Font Info:    External font `cmex10' loaded for size
(Font)              <5> on input line 84.

Package natbib Warning: Citation `odello1967behavior' on page 1 undefined on in
put line 84.


Package natbib Warning: Citation `aci31895' on page 1 undefined on input line 8
4.


Package natbib Warning: Citation `aci31895' on page 1 undefined on input line 8
4.


Package natbib Warning: Citation `Derecho2001' on page 1 undefined on input lin
e 84.


Package natbib Warning: Citation `king2004' on page 1 undefined on input line 8
4.


Package natbib Warning: Citation `PARK2012119' on page 1 undefined on input lin
e 84.


Package natbib Warning: Citation `DoD2016' on page 1 undefined on input line 86
.


Package natbib Warning: Citation `ghali2000stud' on page 1 undefined on input l
ine 86.


Package natbib Warning: Citation `insufi2020' on page 1 undefined on input line
 86.


Package natbib Warning: Citation `gardner2011' on page 1 undefined on input lin
e 86.


Package natbib Warning: Citation `28002014' on page 1 undefined on input line 8
9.


Package natbib Warning: Citation `aci31819' on page 1 undefined on input line 8
9.


Package natbib Warning: Citation `aci31819' on page 1 undefined on input line 8
9.


Package natbib Warning: Citation `JointACI-ASCECommittee4212015' on page 1 unde
fined on input line 89.


Package natbib Warning: Citation `JointACI-ASCECommittee4212015' on page 1 unde
fined on input line 89.

[1{C:/Users/mohab/AppData/Local/MiKTeX/fonts/map/pdftex/pdftex.map}


]
LaTeX Font Info:    Trying to load font information for TS1+ppl on input line 9
1.

(C:\Programs\MikTex\tex/latex/psnfss\ts1ppl.fd
File: ts1ppl.fd 2001/06/04 font definitions for TS1/ppl.
)

Package natbib Warning: Citation `dovich2005' on page 2 undefined on input line
 92.


Package natbib Warning: Citation `drakatos2016' on page 2 undefined on input li
ne 92.


Package natbib Warning: Citation `hawkins1979' on page 2 undefined on input lin
e 92.


Package natbib Warning: Citation `hueste2007' on page 2 undefined on input line
 92.


Package natbib Warning: Citation `kang2006' on page 2 undefined on input line 9
2.


Package natbib Warning: Citation `megally2000' on page 2 undefined on input lin
e 92.


Package natbib Warning: Citation `pan1989' on page 2 undefined on input line 92
.


Package natbib Warning: Citation `robertson2002' on page 2 undefined on input l
ine 92.


Package natbib Warning: Citation `setiawan2019' on page 2 undefined on input li
ne 92.


Package natbib Warning: Citation `tian2008' on page 2 undefined on input line 9
2.


Package natbib Warning: Citation `andre2016' on page 2 undefined on input line 
92.


Package natbib Warning: Citation `hwang1993' on page 2 undefined on input line 
92.


Package natbib Warning: Citation `hwang2000' on page 2 undefined on input line 
92.


Package natbib Warning: Citation `rha2014' on page 2 undefined on input line 92
.


Package natbib Warning: Citation `coronelli2021' on page 2 undefined on input l
ine 92.


Package natbib Warning: Citation `fick2017' on page 2 undefined on input line 9
2.


Package natbib Warning: Citation `moehle1984' on page 2 undefined on input line
 92.


Package natbib Warning: Citation `kang2004' on page 2 undefined on input line 9
2.


Package natbib Warning: Citation `coronelli2020' on page 2 undefined on input l
ine 92.


Package natbib Warning: Citation `coronelli2021' on page 2 undefined on input l
ine 92.


Package natbib Warning: Citation `coronelli2021' on page 2 undefined on input l
ine 92.


Package natbib Warning: Citation `asce4117' on page 2 undefined on input line 9
2.


Package natbib Warning: Citation `fema356' on page 2 undefined on input line 92
.


Package natbib Warning: Citation `asce4117' on page 2 undefined on input line 9
2.


Package natbib Warning: Citation `asce4117' on page 2 undefined on input line 9
2.


Underfull \hbox (badness 2707) in paragraph at lines 92--93
\OT1/ppl/m/n/10 Numerous re-search has been done as pre-sented
 []


Package natbib Warning: Citation `einpaul2015' on page 2 undefined on input lin
e 94.


Package natbib Warning: Citation `einpaul2016' on page 2 undefined on input lin
e 94.


Package natbib Warning: Citation `einpaul2015' on page 2 undefined on input lin
e 94.


Underfull \hbox (badness 1533) in paragraph at lines 94--95
\OT1/ppl/m/n/10 tri-bu-tion be-tween hog-ging and sag-ging mo-ments
 []


Package natbib Warning: Citation `talbot1913reinforced' on page 2 undefined on 
input line 98.


Package natbib Warning: Citation `elstner1956shearing' on page 2 undefined on i
nput line 98.


Package natbib Warning: Citation `moe1961' on page 2 undefined on input line 98
.


Package natbib Warning: Citation `ghoreishi2013review' on page 2 undefined on i
nput line 98.


Package natbib Warning: Citation `yang2011data' on page 2 undefined on input li
ne 98.


Package natbib Warning: Citation `hamada2008evaluation' on page 2 undefined on 
input line 98.

<Figures/tikzout/b16if1.pdf, id=16, 421.71555pt x 439.01114pt>
File: Figures/tikzout/b16if1.pdf Graphic file (type pdf)
<use Figures/tikzout/b16if1.pdf>
Package pdftex.def Info: Figures/tikzout/b16if1.pdf  used on input line 100.
(pdftex.def)             Requested size: 237.10493pt x 246.82928pt.

Package natbib Warning: Citation `bompa2016b' on page 2 undefined on input line
 100.


Package natbib Warning: Citation `bompa2016b' on page 2 undefined on input line
 100.


Package natbib Warning: Citation `kinnunen1960' on page 2 undefined on input li
ne 102.


Package natbib Warning: Citation `shehata1989punching' on page 2 undefined on i
nput line 102.


Package natbib Warning: Citation `broms1990' on page 2 undefined on input line 
102.


LaTeX Warning: Reference `b16if1' on page 2 undefined on input line 104.


LaTeX Warning: Reference `b16if2' on page 2 undefined on input line 104.


LaTeX Warning: Reference `b16if3' on page 2 undefined on input line 106.


Package natbib Warning: Citation `hallgren1996punching' on page 2 undefined on 
input line 106.


Package natbib Warning: Citation `fib2001' on page 2 undefined on input line 10
6.

<Figures/tikzout/b16if2.pdf, id=17, 363.33943pt x 210.48337pt>
File: Figures/tikzout/b16if2.pdf Graphic file (type pdf)
<use Figures/tikzout/b16if2.pdf>
Package pdftex.def Info: Figures/tikzout/b16if2.pdf  used on input line 109.
(pdftex.def)             Requested size: 237.10493pt x 137.35855pt.

Package natbib Warning: Citation `bompa2016b' on page 2 undefined on input line
 109.


Package natbib Warning: Citation `bompa2016b' on page 2 undefined on input line
 109.


LaTeX Warning: Reference `b16if3' on page 2 undefined on input line 112.


Package natbib Warning: Citation `hallgren1996punching' on page 2 undefined on 
input line 112.


LaTeX Warning: Reference `b16if1' on page 2 undefined on input line 112.


Package natbib Warning: Citation `regan1986' on page 2 undefined on input line 
112.

[2 <./Figures/tikzout/b16if1.pdf>]
<Figures/tikzout/b16if3.pdf, id=55, 352.06633pt x 380.17032pt>
File: Figures/tikzout/b16if3.pdf Graphic file (type pdf)
<use Figures/tikzout/b16if3.pdf>
Package pdftex.def Info: Figures/tikzout/b16if3.pdf  used on input line 115.
(pdftex.def)             Requested size: 237.10493pt x 256.0296pt.


Package natbib Warning: Citation `hallgren1996punching' on page 3 undefined on 
input line 115.


Package natbib Warning: Citation `bompa2016b' on page 3 undefined on input line
 115.


Package natbib Warning: Citation `hallgren1996punching' on page 3 undefined on 
input line 115.


Package natbib Warning: Citation `bompa2016b' on page 3 undefined on input line
 115.

<Figures/tikzout/fr181451.pdf, id=56, 238.55925pt x 200.77107pt>
File: Figures/tikzout/fr181451.pdf Graphic file (type pdf)
<use Figures/tikzout/fr181451.pdf>
Package pdftex.def Info: Figures/tikzout/fr181451.pdf  used on input line 118.
(pdftex.def)             Requested size: 237.10493pt x 199.55437pt.

Package natbib Warning: Citation `aci31819' on page 3 undefined on input line 1
18.


Package natbib Warning: Citation `aci31819' on page 3 undefined on input line 1
18.


Package natbib Warning: Citation `walraven1981' on page 3 undefined on input li
ne 120.


Underfull \hbox (badness 2486) in paragraph at lines 120--120
[]\OT1/ppl/m/n/10 the in-ter-lock and fric-tional re-sis-tance of the
 []


Package natbib Warning: Citation `dei1987' on page 3 undefined on input line 12
0.


Package natbib Warning: Citation `dei1992' on page 3 undefined on input line 12
0.


Package natbib Warning: Citation `ince2007' on page 3 undefined on input line 1
20.


Package natbib Warning: Citation `paulay1974' on page 3 undefined on input line
 120.


Package natbib Warning: Citation `taylor1970' on page 3 undefined on input line
 120.


Package natbib Warning: Citation `chana1987' on page 3 undefined on input line 
120.


LaTeX Warning: Reference `b16if2' on page 3 undefined on input line 120.


Package natbib Warning: Citation `inacio2015' on page 3 undefined on input line
 122.


LaTeX Warning: Reference `i2015f1' on page 3 undefined on input line 122.


Package natbib Warning: Citation `inacio2015' on page 3 undefined on input line
 122.


Package natbib Warning: Citation `emam1997seismic' on page 3 undefined on input
 line 122.


Package natbib Warning: Citation `marzouk2001cyclic' on page 3 undefined on inp
ut line 122.


Package natbib Warning: Citation `kadhim2021' on page 3 undefined on input line
 122.


Package natbib Warning: Citation `abaqus' on page 3 undefined on input line 122
.


Package natbib Warning: Citation `saleem2011' on page 3 undefined on input line
 122.


Package natbib Warning: Citation `zohrevand2015punching' on page 3 undefined on
 input line 122.



pdfTeX warning: miktex-pdftex.exe (file ./Figures/i2015f1.pdf): PDF inclusion: 
found PDF version <1.6>, but at most version <1.5> allowed
<Figures/i2015f1.pdf, id=59, 426.00053pt x 191.47937pt>
File: Figures/i2015f1.pdf Graphic file (type pdf)
<use Figures/i2015f1.pdf>
Package pdftex.def Info: Figures/i2015f1.pdf  used on input line 124.
(pdftex.def)             Requested size: 237.10493pt x 106.57616pt.

Package natbib Warning: Citation `inacio2015' on page 3 undefined on input line
 124.


Package natbib Warning: Citation `inacio2015' on page 3 undefined on input line
 124.

[3 <./Figures/tikzout/b16if2.pdf> <./Figures/tikzout/b16if3.pdf> <./Figures/tik
zout/fr181451.pdf>]

Package natbib Warning: Citation `qi2021' on page 4 undefined on input line 127
.


LaTeX Warning: Reference `q2021f1' on page 4 undefined on input line 127.



pdfTeX warning: miktex-pdftex.exe (file ./Figures/q2021f1.pdf): PDF inclusion: 
found PDF version <1.6>, but at most version <1.5> allowed
<Figures/q2021f1.pdf, id=199, 2125.44063pt x 991.40388pt>
File: Figures/q2021f1.pdf Graphic file (type pdf)
<use Figures/q2021f1.pdf>
Package pdftex.def Info: Figures/q2021f1.pdf  used on input line 129.
(pdftex.def)             Requested size: 237.10493pt x 110.58264pt.

Package natbib Warning: Citation `qi2021' on page 4 undefined on input line 129
.


Package natbib Warning: Citation `qi2021' on page 4 undefined on input line 129
.


Package natbib Warning: Citation `ramos2022' on page 4 undefined on input line 
132.


Package natbib Warning: Citation `ricker2017' on page 4 undefined on input line
 132.


LaTeX Warning: Reference `r2017f1' on page 4 undefined on input line 132.



pdfTeX warning: miktex-pdftex.exe (file ./Figures/r2017f1.pdf): PDF inclusion: 
found PDF version <1.6>, but at most version <1.5> allowed
<Figures/r2017f1.pdf, id=200, 239.4586pt x 361.77861pt>
File: Figures/r2017f1.pdf Graphic file (type pdf)
<use Figures/r2017f1.pdf>
Package pdftex.def Info: Figures/r2017f1.pdf  used on input line 134.
(pdftex.def)             Requested size: 237.10493pt x 358.22816pt.

Package natbib Warning: Citation `ricker2017' on page 4 undefined on input line
 134.


Package natbib Warning: Citation `ricker2017' on page 4 undefined on input line
 134.


Underfull \hbox (badness 2970) in paragraph at lines 134--134
[]\OT1/ppl/m/n/10 Figure 7: |Lay-out of flex-u-ral re-in-force-ment and
 []



pdfTeX warning: miktex-pdftex.exe (file ./Figures/r2017f2.pdf): PDF inclusion: 
found PDF version <1.6>, but at most version <1.5> allowed
<Figures/r2017f2.pdf, id=201, 2065.7175pt x 461.725pt>
File: Figures/r2017f2.pdf Graphic file (type pdf)
<use Figures/r2017f2.pdf>
Package pdftex.def Info: Figures/r2017f2.pdf  used on input line 137.
(pdftex.def)             Requested size: 484.20988pt x 108.23062pt.

Package natbib Warning: Citation `ricker2017' on page 4 undefined on input line
 137.


Package natbib Warning: Citation `ricker2017' on page 4 undefined on input line
 137.


Package natbib Warning: Citation `gouveia2018' on page 4 undefined on input lin
e 139.


Package natbib Warning: Citation `ABDELRAHMAN2018272' on page 4 undefined on in
put line 139.


Package natbib Warning: Citation `ju2015' on page 4 undefined on input line 139
.


Package natbib Warning: Citation `gouveia2014' on page 4 undefined on input lin
e 139.


Package natbib Warning: Citation `carpenter1973design' on page 4 undefined on i
nput line 141.


Package natbib Warning: Citation `symonds1976slab' on page 4 undefined on input
 line 141.


Package natbib Warning: Citation `Robertson2006' on page 4 undefined on input l
ine 141.


Package natbib Warning: Citation `Robertson2006' on page 4 undefined on input l
ine 141.


Package natbib Warning: Citation `peiris2012flexural' on page 4 undefined on in
put line 141.


Package natbib Warning: Citation `hawkins2017effect' on page 4 undefined on inp
ut line 141.


Package natbib Warning: Citation `bayrak2009two' on page 4 undefined on input l
ine 141.


Package natbib Warning: Citation `muttoni2008punching' on page 4 undefined on i
nput line 141.


Package natbib Warning: Citation `dam2017behavior' on page 4 undefined on input
 line 141.


Package natbib Warning: Citation `muttoni2008punching' on page 4 undefined on i
nput line 141.


Package natbib Warning: Citation `aci31819' on page 4 undefined on input line 1
41.


LaTeX Warning: Reference `eqt22652' on page 4 undefined on input line 141.


Package natbib Warning: Citation `aci31819' on page 4 undefined on input line 1
41.


Underfull \hbox (badness 1092) in paragraph at lines 141--142
\OT1/ppl/m/n/10 Tests on slab-column con-nec-tions sub-jected to re-
 []


Underfull \vbox (badness 10000) has occurred while \output is active []

 [4 <./Figures/i2015f1.pdf> <./Figures/q2021f1.pdf> <./Figures/r2017f1.pdf>]

Package natbib Warning: Citation `aci31819' on page 5 undefined on input line 1
43.


Package natbib Warning: Citation `peiris2012flexural' on page 5 undefined on in
put line 143.


Package natbib Warning: Citation `megally2000punching' on page 5 undefined on i
nput line 143.


Package natbib Warning: Citation `kang2006' on page 5 undefined on input line 1
43.


Package natbib Warning: Citation `robertson2002cyclic' on page 5 undefined on i
nput line 143.


Package natbib Warning: Citation `kang2006' on page 5 undefined on input line 1
43.


Package natbib Warning: Citation `megally2000punching' on page 5 undefined on i
nput line 143.


Package natbib Warning: Citation `robertson1991' on page 5 undefined on input l
ine 143.


Package natbib Warning: Citation `robertson1993' on page 5 undefined on input l
ine 143.


Package natbib Warning: Citation `anggadjaja2008' on page 5 undefined on input 
line 143.


Package natbib Warning: Citation `aci4212010' on page 5 undefined on input line
 143.


Package natbib Warning: Citation `hanson1967seismic' on page 5 undefined on inp
ut line 143.


Package natbib Warning: Citation `aci31805' on page 5 undefined on input line 1
45.


Package natbib Warning: Citation `aci31819' on page 5 undefined on input line 1
45.


Underfull \hbox (badness 1168) in paragraph at lines 145--146
\OT1/ppl/m/n/10 Provisions for shear re-in-force-ment at slab-column
 []


LaTeX Warning: Reference `fr181451' on page 5 undefined on input line 149.


LaTeX Warning: Reference `eqdr' on page 5 undefined on input line 150.


Package natbib Warning: Citation `gouveia2019' on page 5 undefined on input lin
e 150.


Underfull \hbox (badness 2119) in paragraph at lines 148--151
\OT1/ppl/m/n/10 presented in []. If the drift ra-tio ex-ceeds this
 []

[5 <./Figures/r2017f2.pdf>]

LaTeX Warning: Reference `eqt22652' on page 6 undefined on input line 165.


Package natbib Warning: Citation `bayrak2009two' on page 6 undefined on input l
ine 165.


Package natbib Warning: Citation `megally2002' on page 6 undefined on input lin
e 169.


Package natbib Warning: Citation `moehle1996' on page 6 undefined on input line
 169.


Package natbib Warning: Citation `kang2006' on page 6 undefined on input line 1
69.


Package natbib Warning: Citation `kang2007' on page 6 undefined on input line 1
69.


Package natbib Warning: Citation `megally2000' on page 6 undefined on input lin
e 169.


Package natbib Warning: Citation `kang2009nonlinear' on page 6 undefined on inp
ut line 169.


Package natbib Warning: Citation `moreno2008punching' on page 6 undefined on in
put line 169.


Package natbib Warning: Citation `song2012effective' on page 6 undefined on inp
ut line 169.


Package natbib Warning: Citation `kruger1998punching' on page 6 undefined on in
put line 169.


Package natbib Warning: Citation `krueger1999influence' on page 6 undefined on 
input line 169.


Package natbib Warning: Citation `hawkins1974' on page 6 undefined on input lin
e 169.


Package natbib Warning: Citation `islam1976' on page 6 undefined on input line 
169.


LaTeX Warning: Reference `fr181451' on page 6 undefined on input line 169.


Package natbib Warning: Citation `aci31819' on page 6 undefined on input line 1
71.


Package natbib Warning: Citation `pan1989' on page 6 undefined on input line 17
1.



pdfTeX warning: miktex-pdftex.exe (file ./Figures/akt1.pdf): PDF inclusion: fou
nd PDF version <1.6>, but at most version <1.5> allowed
<Figures/akt1.pdf, id=265, 236.1071pt x 191.42918pt>
File: Figures/akt1.pdf Graphic file (type pdf)
<use Figures/akt1.pdf>
Package pdftex.def Info: Figures/akt1.pdf  used on input line 173.
(pdftex.def)             Requested size: 237.10493pt x 192.24657pt.

Package natbib Warning: Citation `akinpelu2023' on page 6 undefined on input li
ne 173.


Package natbib Warning: Citation `akinpelu2023' on page 6 undefined on input li
ne 173.


Package natbib Warning: Citation `ACI31814' on page 6 undefined on input line 1
76.


Underfull \hbox (badness 1466) in paragraph at lines 176--177
[]\OT1/ppl/m/n/10 Variety in shear re-in-force-ment lies partly on a
 []


Package natbib Warning: Citation `moe1961' on page 6 undefined on input line 17
8.


LaTeX Warning: Reference `h74f1' on page 6 undefined on input line 178.


Package natbib Warning: Citation `akinpelu2023' on page 6 undefined on input li
ne 178.


Package natbib Warning: Citation `abaqus' on page 6 undefined on input line 178
.


LaTeX Warning: Reference `akt1' on page 6 undefined on input line 178.


Package natbib Warning: Citation `akinpelu2023' on page 6 undefined on input li
ne 178.


Package natbib Warning: Citation `akinpelu2023' on page 6 undefined on input li
ne 178.


Package natbib Warning: Citation `hawkins1968' on page 6 undefined on input lin
e 178.



pdfTeX warning: miktex-pdftex.exe (file ./Figures/akf3.pdf): PDF inclusion: fou
nd PDF version <1.6>, but at most version <1.5> allowed
<Figures/akf3.pdf, id=266, 1676.71414pt x 1658.69687pt>
File: Figures/akf3.pdf Graphic file (type pdf)
<use Figures/akf3.pdf>
Package pdftex.def Info: Figures/akf3.pdf  used on input line 182.
(pdftex.def)             Requested size: 237.10493pt x 234.54446pt.

Package natbib Warning: Citation `akinpelu2023' on page 6 undefined on input li
ne 182.


Package natbib Warning: Citation `akinpelu2023' on page 6 undefined on input li
ne 182.

<Figures/tikzout/h74f1m.pdf, id=267, 358.73222pt x 476.35966pt>
File: Figures/tikzout/h74f1m.pdf Graphic file (type pdf)
<use Figures/tikzout/h74f1m.pdf>
Package pdftex.def Info: Figures/tikzout/h74f1m.pdf  used on input line 185.
(pdftex.def)             Requested size: 237.10493pt x 314.85626pt.

Package natbib Warning: Citation `hawkins1974a' on page 6 undefined on input li
ne 186.


Package natbib Warning: Citation `moe1961' on page 6 undefined on input line 18
6.


Package natbib Warning: Citation `hawkins1974' on page 6 undefined on input lin
e 186.


Package natbib Warning: Citation `hawkins1974' on page 6 undefined on input lin
e 186.


Package natbib Warning: Citation `tasker1963' on page 6 undefined on input line
 186.


Package natbib Warning: Citation `hawkins1974a' on page 6 undefined on input li
ne 186.


Package natbib Warning: Citation `moe1961' on page 6 undefined on input line 18
6.


Package natbib Warning: Citation `hawkins1974' on page 6 undefined on input lin
e 186.


Package natbib Warning: Citation `hawkins1974' on page 6 undefined on input lin
e 186.


Package natbib Warning: Citation `tasker1963' on page 6 undefined on input line
 186.


Package natbib Warning: Citation `wheeler1936' on page 6 undefined on input lin
e 189.


Package natbib Warning: Citation `aci31819' on page 6 undefined on input line 1
89.


Package natbib Warning: Citation `ACI31814' on page 6 undefined on input line 1
89.


Package natbib Warning: Citation `aci31871' on page 6 undefined on input line 1
89.


Package natbib Warning: Citation `hawkins1974' on page 6 undefined on input lin
e 189.


Package natbib Warning: Citation `corley1968' on page 6 undefined on input line
 189.


Package natbib Warning: Citation `corley1968' on page 6 undefined on input line
 189.


Package natbib Warning: Citation `hawkins1974' on page 6 undefined on input lin
e 189.


LaTeX Warning: Reference `h74f1' on page 6 undefined on input line 189.


Package natbib Warning: Citation `ACI31814' on page 6 undefined on input line 1
89.


Package natbib Warning: Citation `hawkins1974a' on page 6 undefined on input li
ne 189.


Package natbib Warning: Citation `aci31871' on page 6 undefined on input line 1
89.


Package natbib Warning: Citation `hawkins1974' on page 6 undefined on input lin
e 189.


Package natbib Warning: Citation `ACI31814' on page 6 undefined on input line 1
89.


LaTeX Warning: Reference `h74f1' on page 6 undefined on input line 189.


Package natbib Warning: Citation `corley1968' on page 6 undefined on input line
 189.


Package natbib Warning: Citation `hawkins1974' on page 6 undefined on input lin
e 189.


LaTeX Warning: Reference `fr2269814' on page 6 undefined on input line 189.


Package natbib Warning: Citation `Al-hamd2018' on page 6 undefined on input lin
e 189.


LaTeX Warning: Reference `ahf5' on page 6 undefined on input line 189.


LaTeX Warning: Reference `ahf4' on page 6 undefined on input line 189.


Package natbib Warning: Citation `kruger1998' on page 6 undefined on input line
 189.


Package natbib Warning: Citation `kruger1998' on page 6 undefined on input line
 189.


Package natbib Warning: Citation `Al-hamd2018' on page 6 undefined on input lin
e 189.


Package natbib Warning: Citation `ghali2000stud' on page 6 undefined on input l
ine 189.


Package natbib Warning: Citation `kang2009nonlinear' on page 6 undefined on inp
ut line 189.


Package natbib Warning: Citation `moreno2008punching' on page 6 undefined on in
put line 189.


Package natbib Warning: Citation `song2012effective' on page 6 undefined on inp
ut line 189.


Package natbib Warning: Citation `hawkins1974' on page 6 undefined on input lin
e 189.


Package natbib Warning: Citation `islam1976' on page 6 undefined on input line 
189.


Package natbib Warning: Citation `EDER2012239' on page 6 undefined on input lin
e 189.

<Figures/tikzout/fr2269814.pdf, id=268, 358.91791pt x 416.77205pt>
File: Figures/tikzout/fr2269814.pdf Graphic file (type pdf)
<use Figures/tikzout/fr2269814.pdf>
Package pdftex.def Info: Figures/tikzout/fr2269814.pdf  used on input line 191.

(pdftex.def)             Requested size: 237.10493pt x 275.33112pt.

Package natbib Warning: Citation `ACI31814' on page 6 undefined on input line 1
92.


Package natbib Warning: Citation `hawkins1974a' on page 6 undefined on input li
ne 192.


Package natbib Warning: Citation `ACI31814' on page 6 undefined on input line 1
92.


Package natbib Warning: Citation `hawkins1974a' on page 6 undefined on input li
ne 192.


LaTeX Warning: Reference `cft' on page 6 undefined on input line 194.

[6 <./Figures/akt1.pdf>]
Underfull \vbox (badness 10000) has occurred while \output is active []

 [7 <./Figures/akf3.pdf> <./Figures/tikzout/h74f1m.pdf>]

LaTeX Warning: Reference `fr2269814' on page 8 undefined on input line 196.


Package natbib Warning: Citation `aci31871' on page 8 undefined on input line 1
96.


Package natbib Warning: Citation `godycki1984' on page 8 undefined on input lin
e 196.

<Figures/tikzout/ahf5.pdf, id=362, 352.06633pt x 366.89372pt>
File: Figures/tikzout/ahf5.pdf Graphic file (type pdf)
<use Figures/tikzout/ahf5.pdf>
Package pdftex.def Info: Figures/tikzout/ahf5.pdf  used on input line 199.
(pdftex.def)             Requested size: 237.10493pt x 247.08833pt.

Package natbib Warning: Citation `Al-hamd2018' on page 8 undefined on input lin
e 200.


Package natbib Warning: Citation `Al-hamd2018' on page 8 undefined on input lin
e 200.



pdfTeX warning: miktex-pdftex.exe (file ./Figures/ahf4.pdf): PDF inclusion: fou
nd PDF version <1.6>, but at most version <1.5> allowed
<Figures/ahf4.pdf, id=363, 1603.18945pt x 934.49126pt>
File: Figures/ahf4.pdf Graphic file (type pdf)
<use Figures/ahf4.pdf>
Package pdftex.def Info: Figures/ahf4.pdf  used on input line 203.
(pdftex.def)             Requested size: 237.10493pt x 138.19987pt.

Package natbib Warning: Citation `Al-hamd2018' on page 8 undefined on input lin
e 204.


Package natbib Warning: Citation `Al-hamd2018' on page 8 undefined on input lin
e 204.


Package natbib Warning: Citation `bompa2015' on page 8 undefined on input line 
207.


Package natbib Warning: Citation `bompa2016b' on page 8 undefined on input line
 207.


Package natbib Warning: Citation `Bompa2016a' on page 8 undefined on input line
 207.


LaTeX Warning: Reference `bf2' on page 8 undefined on input line 207.


Package natbib Warning: Citation `bompa2020' on page 8 undefined on input line 
207.


Package natbib Warning: Citation `guandalini2009punching' on page 8 undefined o
n input line 207.


Package natbib Warning: Citation `chana1996' on page 8 undefined on input line 
207.


Package natbib Warning: Citation `hawkins1974' on page 8 undefined on input lin
e 207.


LaTeX Warning: Reference `b2020f2' on page 8 undefined on input line 207.



pdfTeX warning: miktex-pdftex.exe (file ./Figures/bf2.pdf): PDF inclusion: foun
d PDF version <1.6>, but at most version <1.5> allowed
<Figures/bf2.pdf, id=364, 1421.31pt x 1644.1425pt>
File: Figures/bf2.pdf Graphic file (type pdf)
<use Figures/bf2.pdf>
Package pdftex.def Info: Figures/bf2.pdf  used on input line 209.
(pdftex.def)             Requested size: 237.10493pt x 274.25723pt.

Package natbib Warning: Citation `Bompa2016a' on page 8 undefined on input line
 210.


Package natbib Warning: Citation `Bompa2016a' on page 8 undefined on input line
 210.


Underfull \hbox (badness 1565) in paragraph at lines 210--210
\OT1/ppl/m/n/10 c) trans-verse re-in-force-ment lay-out; d) II-II cross-
 []


Underfull \hbox (badness 2644) in paragraph at lines 210--210
\OT1/ppl/m/n/10 sectional view from trans-verse re-in-force-ment; e)
 []



pdfTeX warning: miktex-pdftex.exe (file ./Figures/b2020f2.pdf): PDF inclusion: 
found PDF version <1.6>, but at most version <1.5> allowed
<Figures/b2020f2.pdf, id=365, 1923.3857pt x 1804.24063pt>
File: Figures/b2020f2.pdf Graphic file (type pdf)
<use Figures/b2020f2.pdf>
Package pdftex.def Info: Figures/b2020f2.pdf  used on input line 214.
(pdftex.def)             Requested size: 237.10493pt x 222.39105pt.

Package natbib Warning: Citation `bompa2020' on page 8 undefined on input line 
215.


Package natbib Warning: Citation `guandalini2009punching' on page 8 undefined o
n input line 215.


Package natbib Warning: Citation `chana1996' on page 8 undefined on input line 
215.


Package natbib Warning: Citation `hawkins1974' on page 8 undefined on input lin
e 215.


Package natbib Warning: Citation `bompa2020' on page 8 undefined on input line 
215.


Package natbib Warning: Citation `guandalini2009punching' on page 8 undefined o
n input line 215.


Package natbib Warning: Citation `chana1996' on page 8 undefined on input line 
215.


Package natbib Warning: Citation `hawkins1974' on page 8 undefined on input lin
e 215.


Package natbib Warning: Citation `eder2010' on page 8 undefined on input line 2
18.


Package natbib Warning: Citation `aci31808' on page 8 undefined on input line 2
18.


Package natbib Warning: Citation `EDER20111164' on page 8 undefined on input li
ne 218.


LaTeX Warning: Reference `e2011f3' on page 8 undefined on input line 218.


LaTeX Warning: Reference `e2011f4' on page 8 undefined on input line 218.


Package natbib Warning: Citation `aci31808' on page 8 undefined on input line 2
18.


Package natbib Warning: Citation `EDER2012239' on page 8 undefined on input lin
e 218.


Package natbib Warning: Citation `EDER2012239' on page 8 undefined on input lin
e 218.



pdfTeX warning: miktex-pdftex.exe (file ./Figures/e2011f3.pdf): PDF inclusion: 
found PDF version <1.6>, but at most version <1.5> allowed
<Figures/e2011f3.pdf, id=366, 1104.125pt x 1034.86626pt>
File: Figures/e2011f3.pdf Graphic file (type pdf)
<use Figures/e2011f3.pdf>
Package pdftex.def Info: Figures/e2011f3.pdf  used on input line 220.
(pdftex.def)             Requested size: 237.10493pt x 222.22346pt.

Package natbib Warning: Citation `EDER20111164' on page 8 undefined on input li
ne 221.


Package natbib Warning: Citation `EDER20111164' on page 8 undefined on input li
ne 221.



pdfTeX warning: miktex-pdftex.exe (file ./Figures/e2011f4.pdf): PDF inclusion: 
found PDF version <1.6>, but at most version <1.5> allowed
<Figures/e2011f4.pdf, id=367, 468.75125pt x 493.845pt>
File: Figures/e2011f4.pdf Graphic file (type pdf)
<use Figures/e2011f4.pdf>
Package pdftex.def Info: Figures/e2011f4.pdf  used on input line 225.
(pdftex.def)             Requested size: 237.10493pt x 249.7929pt.

Package natbib Warning: Citation `EDER20111164' on page 8 undefined on input li
ne 226.


Package natbib Warning: Citation `EDER20111164' on page 8 undefined on input li
ne 226.



pdfTeX warning: miktex-pdftex.exe (file ./Figures/e2012f1.pdf): PDF inclusion: 
found PDF version <1.6>, but at most version <1.5> allowed
<Figures/e2012f1.pdf, id=368, 1107.13625pt x 1221.56375pt>
File: Figures/e2012f1.pdf Graphic file (type pdf)
<use Figures/e2012f1.pdf>
Package pdftex.def Info: Figures/e2012f1.pdf  used on input line 230.
(pdftex.def)             Requested size: 237.10493pt x 261.60591pt.

Package natbib Warning: Citation `EDER2012239' on page 8 undefined on input lin
e 231.


Package natbib Warning: Citation `EDER2012239' on page 8 undefined on input lin
e 231.

[8 <./Figures/tikzout/fr2269814.pdf> <./Figures/tikzout/ahf5.pdf>]

Package natbib Warning: Citation `bavzant1987size' on page 9 undefined on input
 line 236.


Package natbib Warning: Citation `shehata1989punching' on page 9 undefined on i
nput line 236.


Package natbib Warning: Citation `gomes1999' on page 9 undefined on input line 
236.


Package natbib Warning: Citation `kinnunen1960' on page 9 undefined on input li
ne 236.


Package natbib Warning: Citation `shehata1989punching' on page 9 undefined on i
nput line 236.


Package natbib Warning: Citation `birkle2008' on page 9 undefined on input line
 236.


Package natbib Warning: Citation `beutel2002' on page 9 undefined on input line
 236.


Package natbib Warning: Citation `guandalini2009punching' on page 9 undefined o
n input line 236.


Package natbib Warning: Citation `muttoni2008punching' on page 9 undefined on i
nput line 236.


Package natbib Warning: Citation `mc2010' on page 9 undefined on input line 236
.


Package natbib Warning: Citation `ruiz2009' on page 9 undefined on input line 2
36.


Package natbib Warning: Citation `lips2012' on page 9 undefined on input line 2
36.


Package natbib Warning: Citation `ACI-318M2014' on page 9 undefined on input li
ne 236.


Package natbib Warning: Citation `en1992' on page 9 undefined on input line 236
.


Package natbib Warning: Citation `muttoni2008punching' on page 9 undefined on i
nput line 236.


Package natbib Warning: Citation `ruiz2009' on page 9 undefined on input line 2
36.


Package natbib Warning: Citation `en1992' on page 9 undefined on input line 236
.


Underfull \vbox (badness 10000) has occurred while \output is active []

 [9 <./Figures/ahf4.pdf> <./Figures/bf2.pdf>] [10 <./Figures/b2020f2.pdf> <./Fi
gures/e2011f3.pdf> <./Figures/e2011f4.pdf> <./Figures/e2012f1.pdf>]

Package natbib Warning: Citation `dilger1994' on page 11 undefined on input lin
e 238.


Package natbib Warning: Citation `robertson2002' on page 11 undefined on input 
line 238.


Package natbib Warning: Citation `brown2003' on page 11 undefined on input line
 238.


Package natbib Warning: Citation `broms2007ductility' on page 11 undefined on i
nput line 238.


Package natbib Warning: Citation `tan2005interior' on page 11 undefined on inpu
t line 238.


Package natbib Warning: Citation `kang2008' on page 11 undefined on input line 
238.


Package natbib Warning: Citation `hong2007lattice' on page 11 undefined on inpu
t line 238.


Package natbib Warning: Citation `matzke2015behavior' on page 11 undefined on i
nput line 238.


Package natbib Warning: Citation `isufi2018' on page 11 undefined on input line
 238.


LaTeX Warning: Reference `i2018f2' on page 11 undefined on input line 238.


Package natbib Warning: Citation `dam2016' on page 11 undefined on input line 2
38.


LaTeX Warning: Reference `d2016f2' on page 11 undefined on input line 238.


Package natbib Warning: Citation `dam2017punching' on page 11 undefined on inpu
t line 238.


LaTeX Warning: Reference `d2017f3' on page 11 undefined on input line 238.

<Figures/i2018f2.png, id=480, 325.215pt x 542.025pt>
File: Figures/i2018f2.png Graphic file (type png)
<use Figures/i2018f2.png>
Package pdftex.def Info: Figures/i2018f2.png  used on input line 240.
(pdftex.def)             Requested size: 237.10493pt x 395.18698pt.

Package natbib Warning: Citation `isufi2018' on page 11 undefined on input line
 241.


Package natbib Warning: Citation `isufi2018' on page 11 undefined on input line
 241.


Underfull \hbox (badness 1838) in paragraph at lines 238--244
\OT1/ppl/m/n/10 Bent bars and stir-rups make for rather tire-some
 []


Underfull \hbox (badness 2005) in paragraph at lines 238--244
\OT1/ppl/m/n/10 caused the widespread use of shear studs (stud
 []



pdfTeX warning: miktex-pdftex.exe (file ./Figures/d2016f2.pdf): PDF inclusion: 
found PDF version <1.6>, but at most version <1.5> allowed
<Figures/d2016f2.pdf, id=482, 1398.22375pt x 678.535pt>
File: Figures/d2016f2.pdf Graphic file (type pdf)
<use Figures/d2016f2.pdf>
Package pdftex.def Info: Figures/d2016f2.pdf  used on input line 246.
(pdftex.def)             Requested size: 237.10493pt x 115.05952pt.

Package natbib Warning: Citation `dam2016' on page 11 undefined on input line 2
47.


Package natbib Warning: Citation `dam2016' on page 11 undefined on input line 2
47.



pdfTeX warning: miktex-pdftex.exe (file ./Figures/d2017f3.pdf): PDF inclusion: 
found PDF version <1.6>, but at most version <1.5> allowed
<Figures/d2017f3.pdf, id=483, 693.59125pt x 694.595pt>
File: Figures/d2017f3.pdf Graphic file (type pdf)
<use Figures/d2017f3.pdf>
Package pdftex.def Info: Figures/d2017f3.pdf  used on input line 251.
(pdftex.def)             Requested size: 237.10493pt x 237.4416pt.

Package natbib Warning: Citation `dam2017punching' on page 11 undefined on inpu
t line 252.


Package natbib Warning: Citation `dam2017punching' on page 11 undefined on inpu
t line 252.


Package natbib Warning: Citation `isufi2020' on page 11 undefined on input line
 256.


Package natbib Warning: Citation `isufi2021' on page 11 undefined on input line
 256.


LaTeX Warning: Reference `i2021f1' on page 11 undefined on input line 256.


Package natbib Warning: Citation `muttoni2008punching' on page 11 undefined on 
input line 256.


Package natbib Warning: Citation `guandalini2009punching' on page 11 undefined 
on input line 256.


Package natbib Warning: Citation `ghali2019' on page 11 undefined on input line
 256.


Package natbib Warning: Citation `torabian2019' on page 11 undefined on input l
ine 256.


Package natbib Warning: Citation `muttoni2008punching' on page 11 undefined on 
input line 256.


Package natbib Warning: Citation `torabian2020' on page 11 undefined on input l
ine 256.


Package natbib Warning: Citation `torabian2019' on page 11 undefined on input l
ine 256.


Package natbib Warning: Citation `hawkins1974w' on page 11 undefined on input l
ine 256.


Package natbib Warning: Citation `symonds1976' on page 11 undefined on input li
ne 256.


Package natbib Warning: Citation `morrison1983lateral' on page 11 undefined on 
input line 256.


Package natbib Warning: Citation `morrison1983lateral' on page 11 undefined on 
input line 256.


Package natbib Warning: Citation `emam1997seismic' on page 11 undefined on inpu
t line 256.


Package natbib Warning: Citation `marzouk2001cyclic' on page 11 undefined on in
put line 256.


Package natbib Warning: Citation `Robertson2006' on page 11 undefined on input 
line 256.


Package natbib Warning: Citation `tian2008behavior' on page 11 undefined on inp
ut line 256.


Package natbib Warning: Citation `drakatos2016' on page 11 undefined on input l
ine 256.

<Figures/i2021f1.png, id=484, 314.67563pt x 542.025pt>
File: Figures/i2021f1.png Graphic file (type png)
<use Figures/i2021f1.png>
Package pdftex.def Info: Figures/i2021f1.png  used on input line 258.
(pdftex.def)             Requested size: 237.10493pt x 408.41171pt.

Package natbib Warning: Citation `isufi2021' on page 11 undefined on input line
 259.


Package natbib Warning: Citation `isufi2021' on page 11 undefined on input line
 259.

[11 <./Figures/i2018f2.png> <./Figures/d2016f2.pdf>]
Underfull \vbox (badness 4254) has occurred while \output is active []



Package natbib Warning: Citation `Singh2023' on page 12 undefined on input line
 263.


Underfull \hbox (badness 2096) in paragraph at lines 263--264
\OT1/ppl/m/n/10 Considering pro-gres-sive col-lapse and col-umn re-
 []


Underfull \vbox (badness 10000) has occurred while \output is active []

 [12 <./Figures/d2017f3.pdf> <./Figures/i2021f1.png>]

Package natbib Warning: Citation `28002014' on page 13 undefined on input line 
265.


Package natbib Warning: Citation `MORINO1998336' on page 13 undefined on input 
line 269.


Package natbib Warning: Citation `yu2018' on page 13 undefined on input line 26
9.

<Figures/tikzout/c2020f2.pdf, id=511, 352.06633pt x 614.48872pt>
File: Figures/tikzout/c2020f2.pdf Graphic file (type pdf)
<use Figures/tikzout/c2020f2.pdf>
Package pdftex.def Info: Figures/tikzout/c2020f2.pdf  used on input line 271.
(pdftex.def)             Requested size: 237.10493pt x 413.83374pt.

Package natbib Warning: Citation `chen2020' on page 13 undefined on input line 
272.


Package natbib Warning: Citation `chen2020' on page 13 undefined on input line 
272.



pdfTeX warning: miktex-pdftex.exe (file ./Figures/c2020f3.pdf): PDF inclusion: 
found PDF version <1.6>, but at most version <1.5> allowed
<Figures/c2020f3.pdf, id=512, 1547.7825pt x 2218.2875pt>
File: Figures/c2020f3.pdf Graphic file (type pdf)
<use Figures/c2020f3.pdf>
Package pdftex.def Info: Figures/c2020f3.pdf  used on input line 276.
(pdftex.def)             Requested size: 237.10493pt x 339.80307pt.

Package natbib Warning: Citation `chen2020' on page 13 undefined on input line 
277.


Package natbib Warning: Citation `chen2020' on page 13 undefined on input line 
277.


Package natbib Warning: Citation `satoh2004experimental' on page 13 undefined o
n input line 281.


Package natbib Warning: Citation `LEE2008418' on page 13 undefined on input lin
e 281.


Package natbib Warning: Citation `yamaguchi2008experimental' on page 13 undefin
ed on input line 281.


Package natbib Warning: Citation `EDER20111164' on page 13 undefined on input l
ine 281.


Package natbib Warning: Citation `EDER2012239' on page 13 undefined on input li
ne 281.


Package natbib Warning: Citation `ju2013' on page 13 undefined on input line 28
1.


Package natbib Warning: Citation `kim2014shearhead' on page 13 undefined on inp
ut line 281.


Package natbib Warning: Citation `yan2014' on page 13 undefined on input line 2
81.


Package natbib Warning: Citation `Bompa2016a' on page 13 undefined on input lin
e 281.


Package natbib Warning: Citation `lee2019seismic' on page 13 undefined on input
 line 281.


Package natbib Warning: Citation `yu2018' on page 13 undefined on input line 28
1.


Package natbib Warning: Citation `LEE2008418' on page 13 undefined on input lin
e 281.


Package natbib Warning: Citation `yan2014' on page 13 undefined on input line 2
81.


Package natbib Warning: Citation `LEE2008418' on page 13 undefined on input lin
e 281.


Package natbib Warning: Citation `chen2020' on page 13 undefined on input line 
281.


LaTeX Warning: Reference `c2020f3' on page 13 undefined on input line 281.


LaTeX Warning: Reference `c2020f2' on page 13 undefined on input line 281.


Package natbib Warning: Citation `chen2020' on page 13 undefined on input line 
281.


Package natbib Warning: Citation `rafiee2021' on page 13 undefined on input lin
e 283.


LaTeX Warning: Reference `r2021f2' on page 13 undefined on input line 283.

<Figures/r2021f2.png, id=513, 748.29562pt x 449.42906pt>
File: Figures/r2021f2.png Graphic file (type png)
<use Figures/r2021f2.png>
Package pdftex.def Info: Figures/r2021f2.png  used on input line 285.
(pdftex.def)             Requested size: 237.10493pt x 142.40753pt.

Package natbib Warning: Citation `rafiee2021' on page 13 undefined on input lin
e 286.


Package natbib Warning: Citation `rafiee2021' on page 13 undefined on input lin
e 286.


Package natbib Warning: Citation `yan2016' on page 13 undefined on input line 2
90.


Package natbib Warning: Citation `yu2020' on page 13 undefined on input line 29
0.


LaTeX Warning: Reference `y2020f3' on page 13 undefined on input line 290.



pdfTeX warning: miktex-pdftex.exe (file ./Figures/y2020f3.pdf): PDF inclusion: 
found PDF version <1.6>, but at most version <1.5> allowed
<Figures/y2020f3.pdf, id=514, 341.43057pt x 470.52487pt>
File: Figures/y2020f3.pdf Graphic file (type pdf)
<use Figures/y2020f3.pdf>
Package pdftex.def Info: Figures/y2020f3.pdf  used on input line 292.
(pdftex.def)             Requested size: 237.10493pt x 326.75896pt.

Package natbib Warning: Citation `yu2020' on page 13 undefined on input line 29
3.


Package natbib Warning: Citation `yu2020' on page 13 undefined on input line 29
3.


Package natbib Warning: Citation `zhang2018' on page 13 undefined on input line
 296.


LaTeX Warning: Reference `z2018f1' on page 13 undefined on input line 296.



pdfTeX warning: miktex-pdftex.exe (file ./Figures/z2018f1.pdf): PDF inclusion: 
found PDF version <1.6>, but at most version <1.5> allowed
<Figures/z2018f1.pdf, id=515, 428.35332pt x 223.86537pt>
File: Figures/z2018f1.pdf Graphic file (type pdf)
<use Figures/z2018f1.pdf>
Package pdftex.def Info: Figures/z2018f1.pdf  used on input line 298.
(pdftex.def)             Requested size: 484.20988pt x 253.06055pt.

Package natbib Warning: Citation `zhang2018' on page 13 undefined on input line
 299.


Package natbib Warning: Citation `zhang2018' on page 13 undefined on input line
 299.


Package natbib Warning: Citation `zhou2021' on page 13 undefined on input line 
302.


LaTeX Warning: Reference `z2021f3' on page 13 undefined on input line 302.



pdfTeX warning: miktex-pdftex.exe (file ./Figures/z2021f3.pdf): PDF inclusion: 
found PDF version <1.6>, but at most version <1.5> allowed
<Figures/z2021f3.pdf, id=516, 489.44456pt x 222.38684pt>
File: Figures/z2021f3.pdf Graphic file (type pdf)
<use Figures/z2021f3.pdf>
Package pdftex.def Info: Figures/z2021f3.pdf  used on input line 304.
(pdftex.def)             Requested size: 484.20988pt x 220.01094pt.

Package natbib Warning: Citation `zhou2021' on page 13 undefined on input line 
305.


Package natbib Warning: Citation `zhou2021' on page 13 undefined on input line 
305.

No file pc_rp.bbl.
[13 <./Figures/tikzout/c2020f2.pdf>]

Package natbib Warning: There were undefined citations.

[14 <./Figures/c2020f3.pdf> <./Figures/r2021f2.png>] [15

 <./Figures/y2020f3.pdf>] [16 <./Figures/z2018f1.pdf> <./Figures/z2021f3.pdf>] 
(pc_rp.aux)

LaTeX Warning: There were undefined references.


LaTeX Warning: Label(s) may have changed. Rerun to get cross-references right.


Package rerunfilecheck Warning: File `pc_rp.out' has changed.
(rerunfilecheck)                Rerun to get outlines right
(rerunfilecheck)                or use package `bookmark'.

Package rerunfilecheck Info: Checksums for `pc_rp.out':
(rerunfilecheck)             Before: <no file>
(rerunfilecheck)             After:  0DC171FDB31BB9F84573E43F63BB5BA2;1581.
 ) 
Here is how much of TeX's memory you used:
 12161 strings out of 476499
 198823 string characters out of 2804309
 1870250 words of memory out of 12000000
 32162 multiletter control sequences out of 15000+600000
 533790 words of font info for 76 fonts, out of 8000000 for 9000
 1141 hyphenation exceptions out of 8191
 90i,12n,90p,2748b,464s stack positions out of 10000i,1000n,20000p,200000b,80000s
{C:/Programs/MikTex/fonts/enc/dvips/base/8r.enc}<C:/Programs/MikTex/fonts/typ
e1/public/amsfonts/cm/cmbx10.pfb><C:/Programs/MikTex/fonts/type1/public/amsfont
s/cm/cmbx12.pfb><C:/Programs/MikTex/fonts/type1/public/amsfonts/cm/cmbx6.pfb><C
:/Programs/MikTex/fonts/type1/public/amsfonts/cm/cmbx7.pfb><C:/Programs/MikTex/
fonts/type1/public/amsfonts/cm/cmbx8.pfb><C:/Programs/MikTex/fonts/type1/public
/amsfonts/cm/cmex10.pfb><C:/Programs/MikTex/fonts/type1/public/amsfonts/cm/cmmi
10.pfb><C:/Programs/MikTex/fonts/type1/public/amsfonts/cm/cmmi12.pfb><C:/Progra
ms/MikTex/fonts/type1/public/amsfonts/cm/cmmi7.pfb><C:/Programs/MikTex/fonts/ty
pe1/public/amsfonts/cm/cmmi8.pfb><C:/Programs/MikTex/fonts/type1/public/amsfont
s/cm/cmr10.pfb><C:/Programs/MikTex/fonts/type1/public/amsfonts/cm/cmr12.pfb><C:
/Programs/MikTex/fonts/type1/public/amsfonts/cm/cmr7.pfb><C:/Programs/MikTex/fo
nts/type1/public/amsfonts/cm/cmr8.pfb><C:/Programs/MikTex/fonts/type1/public/am
sfonts/cm/cmsy10.pfb><C:/Programs/MikTex/fonts/type1/public/amsfonts/cm/cmsy7.p
fb><C:/Programs/MikTex/fonts/type1/public/amsfonts/cm/cmsy8.pfb><C:/Programs/Mi
kTex/fonts/type1/urw/helvetic/uhvr8a.pfb><C:/Programs/MikTex/fonts/type1/urw/pa
latino/uplb8a.pfb><C:/Programs/MikTex/fonts/type1/urw/palatino/uplr8a.pfb>
Output written on pc_rp.pdf (16 pages, 5873238 bytes).
PDF statistics:
 661 PDF objects out of 1000 (max. 8388607)
 67 named destinations out of 1000 (max. 500000)
 146 words of extra memory for PDF output out of 10000 (max. 10000000)

